[debug] [2021-07-04T12:42:59.260Z] ----------------------------------------------------------------------
[debug] [2021-07-04T12:42:59.262Z] Command:       /home/satinder/.nvm/versions/node/v16.2.0/bin/node /home/satinder/.nvm/versions/node/v16.2.0/bin/firebase init
[debug] [2021-07-04T12:42:59.262Z] CLI Version:   9.14.0
[debug] [2021-07-04T12:42:59.262Z] Platform:      linux
[debug] [2021-07-04T12:42:59.262Z] Node Version:  v16.2.0
[debug] [2021-07-04T12:42:59.262Z] Time:          Sun Jul 04 2021 18:12:59 GMT+0530 (India Standard Time)
[debug] [2021-07-04T12:42:59.262Z] ----------------------------------------------------------------------
[debug] 
[debug] [2021-07-04T12:42:59.266Z] > command requires scopes: ["email","openid","https://www.googleapis.com/auth/cloudplatformprojects.readonly","https://www.googleapis.com/auth/firebase","https://www.googleapis.com/auth/cloud-platform"]
[debug] [2021-07-04T12:42:59.266Z] > authorizing via signed-in user (ssatinder1996@gmail.com)
[info] 
     ######## #### ########  ######## ########     ###     ######  ########
     ##        ##  ##     ## ##       ##     ##  ##   ##  ##       ##
     ######    ##  ########  ######   ########  #########  ######  ######
     ##        ##  ##    ##  ##       ##     ## ##     ##       ## ##
     ##       #### ##     ## ######## ########  ##     ##  ######  ########

You're about to initialize a Firebase project in this directory:

  /home/satinder/Documents/GitHub/ReactProjects/messenger-clone

[info] 
=== Project Setup
[info] 
[info] First, let's associate this project directory with a Firebase project.
[info] You can create multiple project aliases by running firebase use --add, 
[info] but for now we'll just set up a default project.
[info] 
[debug] [2021-07-04T12:43:24.725Z] >>> [apiv2][query] GET https://firebase.googleapis.com/v1beta1/projects pageSize=100
[debug] [2021-07-04T12:43:25.485Z] <<< [apiv2][status] GET https://firebase.googleapis.com/v1beta1/projects 200
[debug] [2021-07-04T12:43:25.486Z] <<< [apiv2][body] GET https://firebase.googleapis.com/v1beta1/projects [omitted]
[info] i  Using project messenger-clone-7fa27 (messenger-clone) 
[info] 
=== Hosting Setup
[info] 
[info] Your public directory is the folder (relative to your project directory) that
[info] will contain Hosting assets to be uploaded with firebase deploy. If you
[info] have a build process for your assets, use your build's output directory.
[info] 
[debug] [2021-07-04T12:45:05.606Z] >>> [apiv2][query] GET https://www.gstatic.com/firebasejs/releases.json [none]
[debug] [2021-07-04T12:45:05.836Z] <<< [apiv2][status] GET https://www.gstatic.com/firebasejs/releases.json 200
[debug] [2021-07-04T12:45:05.837Z] <<< [apiv2][body] GET https://www.gstatic.com/firebasejs/releases.json {"current":{"version":"8.7.0","browserURL":"https://www.gstatic.com/firebasejs/8.7.0/firebase.js","packageURL":"https://www.gstatic.com/firebasejs/8.7.0/firebase.tgz"},"live":{"version":"8.7","browserURL":"https://www.gstatic.com/firebasejs/live/8.7/firebase.js","packageURL":"https://www.gstatic.com/firebasejs/live/8.7/firebase.tgz"},"components":{"analytics":"https://www.gstatic.com/firebasejs/8.7.0/firebase-analytics.js","app":"https://www.gstatic.com/firebasejs/8.7.0/firebase-app.js","app-check":"https://www.gstatic.com/firebasejs/8.7.0/firebase-app-check.js","auth":"https://www.gstatic.com/firebasejs/8.7.0/firebase-auth.js","database":"https://www.gstatic.com/firebasejs/8.7.0/firebase-database.js","firestore":"https://www.gstatic.com/firebasejs/8.7.0/firebase-firestore.js","functions":"https://www.gstatic.com/firebasejs/8.7.0/firebase-functions.js","installations":"https://www.gstatic.com/firebasejs/8.7.0/firebase-installations.js","messaging":"https://www.gstatic.com/firebasejs/8.7.0/firebase-messaging.js","storage":"https://www.gstatic.com/firebasejs/8.7.0/firebase-storage.js","performance":"https://www.gstatic.com/firebasejs/8.7.0/firebase-performance.js","remote-config":"https://www.gstatic.com/firebasejs/8.7.0/firebase-remote-config.js","firestore.memory":"https://www.gstatic.com/firebasejs/8.7.0/firebase-firestore.memory.js"}}
[info] ✔  Wrote build/index.html 
[info] 
[info] i  Detected a .git folder at /home/satinder/Documents/GitHub/ReactProjects/messenger-clone 
[info] i  Authorizing with GitHub to upload your service account to a GitHub repository's secrets store. 
[info] 
[info] Visit this URL on this device to log in:
[info] https://github.com/login/oauth/authorize?client_id=89cf50f02ac6aaed3484&state=220636399&redirect_uri=http%3A%2F%2Flocalhost%3A9005&scope=read%3Auser%20repo%20public_repo
[info] 
[info] Waiting for authentication...
[debug] [2021-07-04T12:45:35.548Z] >>> HTTP REQUEST POST https://github.com/login/oauth/access_token  
 {"client_id":"89cf50f02ac6aaed3484","client_secret":"3330d14abc895d9a74d5f17cd7a00711fa2c5bf0","code":"ad1c8749cf0d3b555874","redirect_uri":"http://localhost:9005","state":"220636399"}
[debug] [2021-07-04T12:45:35.985Z] <<< HTTP RESPONSE 200 {"server":"GitHub.com","date":"Sun, 04 Jul 2021 12:45:35 GMT","content-type":"application/json; charset=utf-8","transfer-encoding":"chunked","vary":"X-PJAX, Accept-Encoding, Accept, X-Requested-With","permissions-policy":"interest-cohort=()","etag":"W/\"df6d1a19fc04d15eab80f8407517e318\"","cache-control":"max-age=0, private, must-revalidate","strict-transport-security":"max-age=31536000; includeSubdomains; preload","x-frame-options":"deny","x-content-type-options":"nosniff","x-xss-protection":"0","referrer-policy":"origin-when-cross-origin, strict-origin-when-cross-origin","expect-ct":"max-age=2592000, report-uri=\"https://api.github.com/_private/browser/errors\"","content-security-policy":"default-src 'none'; base-uri 'self'; block-all-mixed-content; connect-src 'self' uploads.github.com www.githubstatus.com collector.githubapp.com api.github.com github-cloud.s3.amazonaws.com github-production-repository-file-5c1aeb.s3.amazonaws.com github-production-upload-manifest-file-7fdce7.s3.amazonaws.com github-production-user-asset-6210df.s3.amazonaws.com cdn.optimizely.com logx.optimizely.com/v1/events translator.github.com wss://alive.github.com; font-src github.githubassets.com; form-action 'self' github.com gist.github.com; frame-ancestors 'none'; frame-src render.githubusercontent.com render-temp.githubusercontent.com viewscreen.githubusercontent.com; img-src 'self' data: github.githubassets.com identicons.github.com collector.githubapp.com github-cloud.s3.amazonaws.com secured-user-images.githubusercontent.com/ *.githubusercontent.com; manifest-src 'self'; media-src 'none'; script-src github.githubassets.com; style-src 'unsafe-inline' github.githubassets.com; worker-src github.com/socket-worker-3f088aa2.js gist.github.com/socket-worker-3f088aa2.js","x-github-request-id":"D646:38EE:13ADA4B:1547D6B:60E1AD6F"}
[debug] [2021-07-04T12:45:36.000Z] >>> [apiv2][query] GET https://api.github.com/user [none]
[debug] [2021-07-04T12:45:36.424Z] <<< [apiv2][status] GET https://api.github.com/user 200
[debug] [2021-07-04T12:45:36.424Z] <<< [apiv2][body] GET https://api.github.com/user {"login":"satinder36","id":29863083,"node_id":"MDQ6VXNlcjI5ODYzMDgz","avatar_url":"https://avatars.githubusercontent.com/u/29863083?v=4","gravatar_id":"","url":"https://api.github.com/users/satinder36","html_url":"https://github.com/satinder36","followers_url":"https://api.github.com/users/satinder36/followers","following_url":"https://api.github.com/users/satinder36/following{/other_user}","gists_url":"https://api.github.com/users/satinder36/gists{/gist_id}","starred_url":"https://api.github.com/users/satinder36/starred{/owner}{/repo}","subscriptions_url":"https://api.github.com/users/satinder36/subscriptions","organizations_url":"https://api.github.com/users/satinder36/orgs","repos_url":"https://api.github.com/users/satinder36/repos","events_url":"https://api.github.com/users/satinder36/events{/privacy}","received_events_url":"https://api.github.com/users/satinder36/received_events","type":"User","site_admin":false,"name":null,"company":null,"blog":"","location":null,"email":null,"hireable":null,"bio":null,"twitter_username":null,"public_repos":3,"public_gists":0,"followers":0,"following":0,"created_at":"2017-07-03T12:27:19Z","updated_at":"2021-07-04T12:45:34Z","private_gists":0,"total_private_repos":1,"owned_private_repos":1,"disk_usage":6295,"collaborators":0,"two_factor_authentication":false,"plan":{"name":"free","space":976562499,"collaborators":0,"private_repos":10000}}
[info] 
[info] ✔  Success! Logged into GitHub as satinder36 
[info] 
[debug] [2021-07-04T12:49:45.735Z] >>> [apiv2][query] GET https://api.github.com/repos/user/actions/secrets/public-key type=owner
[debug] [2021-07-04T12:49:46.402Z] <<< [apiv2][status] GET https://api.github.com/repos/user/actions/secrets/public-key 404
[debug] [2021-07-04T12:49:46.403Z] <<< [apiv2][body] GET https://api.github.com/repos/user/actions/secrets/public-key {"message":"Not Found","documentation_url":"https://docs.github.com/rest"}
